app/build/outputs/logs/manifest-merger-debug-report.txt
-- Merging decision tree log ---
manifest
ADDED from src\main\AndroidManifest.xml:22:1-157:12
INJECTED from src\main\AndroidManifest.xml:22:1-157:12
MERGED from [com.github.huzhenjie:ImageSelector:1.0.3] AndroidManifest.xml:2:1-22:12
MERGED from [com.android.support:cardview-v7:23.1.0] AndroidManifest.xml:17:1-24:12
MERGED from [com.android.support.constraint:constraint-layout:1.1.2] AndroidManifest.xml:2:1-11:12
MERGED from [com.android.support:appcompat-v7:23.4.0] AndroidManifest.xml:17:1-27:12
MERGED from [com.android.support:recyclerview-v7:23.2.1] AndroidManifest.xml:17:1-22:12
MERGED from [com.android.support:animated-vector-drawable:23.4.0] AndroidManifest.xml:2:1-9:12
MERGED from [com.android.support:support-vector-drawable:23.4.0] AndroidManifest.xml:2:1-9:12
MERGED from [com.android.support:support-v4:23.4.0] AndroidManifest.xml:17:1-24:12
INJECTED from src\main\AndroidManifest.xml:22:1-157:12
	package
		ADDED from src\main\AndroidManifest.xml:23:5-42
		INJECTED from src\main\AndroidManifest.xml
		INJECTED from src\main\AndroidManifest.xml
	xmlns:android
		ADDED from src\main\AndroidManifest.xml:22:11-69
uses-sdk
ADDED from src\main\AndroidManifest.xml:25:5-44
INJECTED from src\main\AndroidManifest.xml:25:5-44
INJECTED from src\main\AndroidManifest.xml:25:5-44
MERGED from [com.github.huzhenjie:ImageSelector:1.0.3] AndroidManifest.xml:7:5-9:41
MERGED from [com.github.huzhenjie:ImageSelector:1.0.3] AndroidManifest.xml:7:5-9:41
MERGED from [com.android.support:cardview-v7:23.1.0] AndroidManifest.xml:20:5-43
MERGED from [com.android.support:cardview-v7:23.1.0] AndroidManifest.xml:20:5-43
MERGED from [com.android.support.constraint:constraint-layout:1.1.2] AndroidManifest.xml:5:5-7:41
MERGED from [com.android.support.constraint:constraint-layout:1.1.2] AndroidManifest.xml:5:5-7:41
MERGED from [com.android.support:appcompat-v7:23.4.0] AndroidManifest.xml:21:5-23:78
MERGED from [com.android.support:appcompat-v7:23.4.0] AndroidManifest.xml:21:5-23:78
MERGED from [com.android.support:recyclerview-v7:23.2.1] AndroidManifest.xml:20:5-43
MERGED from [com.android.support:recyclerview-v7:23.2.1] AndroidManifest.xml:20:5-43
MERGED from [com.android.support:animated-vector-drawable:23.4.0] AndroidManifest.xml:5:5-44
MERGED from [com.android.support:animated-vector-drawable:23.4.0] AndroidManifest.xml:5:5-44
MERGED from [com.android.support:support-vector-drawable:23.4.0] AndroidManifest.xml:5:5-43
MERGED from [com.android.support:support-vector-drawable:23.4.0] AndroidManifest.xml:5:5-43
MERGED from [com.android.support:support-v4:23.4.0] AndroidManifest.xml:20:5-43
MERGED from [com.android.support:support-v4:23.4.0] AndroidManifest.xml:20:5-43
INJECTED from src\main\AndroidManifest.xml:25:5-44
INJECTED from src\main\AndroidManifest.xml:25:5-44
	tools:overrideLibrary
		ADDED from [com.android.support:appcompat-v7:23.4.0] AndroidManifest.xml:23:9-75
	android:targetSdkVersion
		INJECTED from src\main\AndroidManifest.xml
		ADDED from src\main\AndroidManifest.xml:25:5-44
		INJECTED from src\main\AndroidManifest.xml
	android:minSdkVersion
		ADDED from src\main\AndroidManifest.xml:25:15-41
		INJECTED from src\main\AndroidManifest.xml
		INJECTED from src\main\AndroidManifest.xml
uses-permission#android.permission.WRITE_EXTERNAL_STORAGE
ADDED from src\main\AndroidManifest.xml:27:5-81
	android:name
		ADDED from src\main\AndroidManifest.xml:27:22-78
uses-permission#android.permission.READ_PHONE_STATE
ADDED from src\main\AndroidManifest.xml:28:5-75
	android:name
		ADDED from src\main\AndroidManifest.xml:28:22-72
uses-permission#android.permission.READ_EXTERNAL_STORAGE
ADDED from src\main\AndroidManifest.xml:29:5-80
	android:name
		ADDED from src\main\AndroidManifest.xml:29:22-77
application
ADDED from src\main\AndroidManifest.xml:31:5-155:19
MERGED from [com.github.huzhenjie:ImageSelector:1.0.3] AndroidManifest.xml:11:5-20:19
MERGED from [com.github.huzhenjie:ImageSelector:1.0.3] AndroidManifest.xml:11:5-20:19
MERGED from [com.android.support:cardview-v7:23.1.0] AndroidManifest.xml:22:5-20
MERGED from [com.android.support:cardview-v7:23.1.0] AndroidManifest.xml:22:5-20
MERGED from [com.android.support.constraint:constraint-layout:1.1.2] AndroidManifest.xml:9:5-20
MERGED from [com.android.support.constraint:constraint-layout:1.1.2] AndroidManifest.xml:9:5-20
MERGED from [com.android.support:appcompat-v7:23.4.0] AndroidManifest.xml:25:5-20
MERGED from [com.android.support:appcompat-v7:23.4.0] AndroidManifest.xml:25:5-20
MERGED from [com.android.support:animated-vector-drawable:23.4.0] AndroidManifest.xml:7:5-20
MERGED from [com.android.support:animated-vector-drawable:23.4.0] AndroidManifest.xml:7:5-20
MERGED from [com.android.support:support-vector-drawable:23.4.0] AndroidManifest.xml:7:5-20
MERGED from [com.android.support:support-vector-drawable:23.4.0] AndroidManifest.xml:7:5-20
MERGED from [com.android.support:support-v4:23.4.0] AndroidManifest.xml:22:5-20
MERGED from [com.android.support:support-v4:23.4.0] AndroidManifest.xml:22:5-20
	android:supportsRtl
		ADDED from [com.github.huzhenjie:ImageSelector:1.0.3] AndroidManifest.xml:11:18-44
	android:label
		ADDED from src\main\AndroidManifest.xml:33:9-41
	android:icon
		ADDED from src\main\AndroidManifest.xml:32:9-43
provider#com.example.android.notepad.NotePadProvider
ADDED from src\main\AndroidManifest.xml:34:9-39:20
	android:authorities
		ADDED from src\main\AndroidManifest.xml:36:13-62
	android:exported
		ADDED from src\main\AndroidManifest.xml:37:13-37
	android:name
		ADDED from src\main\AndroidManifest.xml:35:13-44
grant-uri-permission
ADDED from src\main\AndroidManifest.xml:38:13-62
	android:pathPattern
		ADDED from src\main\AndroidManifest.xml:38:35-59
activity#com.example.android.notepad.MainActivity
ADDED from src\main\AndroidManifest.xml:41:9-49:20
	android:theme
		ADDED from src\main\AndroidManifest.xml:43:13-54
	android:name
		ADDED from src\main\AndroidManifest.xml:42:13-41
intent-filter#action:name:android.intent.action.MAIN+category:name:android.intent.category.LAUNCHER
ADDED from src\main\AndroidManifest.xml:44:13-48:29
action#android.intent.action.MAIN
ADDED from src\main\AndroidManifest.xml:45:17-69
	android:name
		ADDED from src\main\AndroidManifest.xml:45:25-66
category#android.intent.category.LAUNCHER
ADDED from src\main\AndroidManifest.xml:47:17-77
	android:name
		ADDED from src\main\AndroidManifest.xml:47:27-74
activity#com.example.android.notepad.NotesList
ADDED from src\main\AndroidManifest.xml:51:9-71:20
	android:label
		ADDED from src\main\AndroidManifest.xml:53:13-53
	android:name
		ADDED from src\main\AndroidManifest.xml:52:13-38
intent-filter#action:name:android.intent.action.EDIT+action:name:android.intent.action.PICK+action:name:android.intent.action.VIEW+category:name:android.intent.category.DEFAULT+data:mimeType:vnd.android.cursor.dir/vnd.google.note
ADDED from src\main\AndroidManifest.xml:55:13-63:29
action#android.intent.action.VIEW
ADDED from src\main\AndroidManifest.xml:56:17-69
	android:name
		ADDED from src\main\AndroidManifest.xml:56:25-66
action#android.intent.action.EDIT
ADDED from src\main\AndroidManifest.xml:57:17-69
	android:name
		ADDED from src\main\AndroidManifest.xml:57:25-66
action#android.intent.action.PICK
ADDED from src\main\AndroidManifest.xml:58:17-69
	android:name
		ADDED from src\main\AndroidManifest.xml:58:25-66
category#android.intent.category.DEFAULT
ADDED from src\main\AndroidManifest.xml:60:17-76
	android:name
		ADDED from src\main\AndroidManifest.xml:60:27-73
data
ADDED from src\main\AndroidManifest.xml:62:17-83
	android:mimeType
		ADDED from src\main\AndroidManifest.xml:62:23-80
intent-filter#action:name:android.intent.action.GET_CONTENT+category:name:android.intent.category.DEFAULT+data:mimeType:vnd.android.cursor.item/vnd.google.note
ADDED from src\main\AndroidManifest.xml:64:13-70:29
action#android.intent.action.GET_CONTENT
ADDED from src\main\AndroidManifest.xml:65:17-76
	android:name
		ADDED from src\main\AndroidManifest.xml:65:25-73
activity#com.example.android.notepad.NoteEditor
ADDED from src\main\AndroidManifest.xml:72:9-106:20
	android:screenOrientation
		ADDED from src\main\AndroidManifest.xml:75:13-47
	android:configChanges
		ADDED from src\main\AndroidManifest.xml:74:13-63
	android:theme
		ADDED from src\main\AndroidManifest.xml:76:13-60
	android:name
		ADDED from src\main\AndroidManifest.xml:73:13-39
intent-filter#action:name:android.intent.action.EDIT+action:name:android.intent.action.VIEW+action:name:com.android.notepad.action.EDIT_NOTE+category:name:android.intent.category.DEFAULT+data:mimeType:vnd.android.cursor.item/vnd.google.note
ADDED from src\main\AndroidManifest.xml:82:13-90:29
	android:label
		ADDED from src\main\AndroidManifest.xml:82:28-64
action#com.android.notepad.action.EDIT_NOTE
ADDED from src\main\AndroidManifest.xml:85:17-79
	android:name
		ADDED from src\main\AndroidManifest.xml:85:25-76
intent-filter#action:name:android.intent.action.INSERT+action:name:android.intent.action.PASTE+category:name:android.intent.category.DEFAULT+data:mimeType:vnd.android.cursor.dir/vnd.google.note
ADDED from src\main\AndroidManifest.xml:98:13-105:29
action#android.intent.action.INSERT
ADDED from src\main\AndroidManifest.xml:99:17-71
	android:name
		ADDED from src\main\AndroidManifest.xml:99:25-68
action#android.intent.action.PASTE
ADDED from src\main\AndroidManifest.xml:100:17-70
	android:name
		ADDED from src\main\AndroidManifest.xml:100:25-67
activity#com.example.android.notepad.TitleEditor
ADDED from src\main\AndroidManifest.xml:107:9-143:20
	android:label
		ADDED from src\main\AndroidManifest.xml:110:13-53
	android:windowSoftInputMode
		ADDED from src\main\AndroidManifest.xml:112:13-55
	android:icon
		ADDED from src\main\AndroidManifest.xml:109:13-50
	android:theme
		ADDED from src\main\AndroidManifest.xml:111:13-67
	android:name
		ADDED from src\main\AndroidManifest.xml:108:13-40
intent-filter#action:name:com.android.notepad.action.EDIT_TITLE+category:name:android.intent.category.ALTERNATIVE+category:name:android.intent.category.DEFAULT+category:name:android.intent.category.SELECTED_ALTERNATIVE+data:mimeType:vnd.android.cursor.item/vnd.google.note
ADDED from src\main\AndroidManifest.xml:120:13-142:29
	android:label
		ADDED from src\main\AndroidManifest.xml:120:28-65
action#com.android.notepad.action.EDIT_TITLE
ADDED from src\main\AndroidManifest.xml:127:17-80
	android:name
		ADDED from src\main\AndroidManifest.xml:127:25-77
category#android.intent.category.ALTERNATIVE
ADDED from src\main\AndroidManifest.xml:134:17-80
	android:name
		ADDED from src\main\AndroidManifest.xml:134:27-77
category#android.intent.category.SELECTED_ALTERNATIVE
ADDED from src\main\AndroidManifest.xml:139:17-89
	android:name
		ADDED from src\main\AndroidManifest.xml:139:27-86
activity#com.example.android.notepad.NotesLiveFolder
ADDED from src\main\AndroidManifest.xml:144:9-153:20
	android:label
		ADDED from src\main\AndroidManifest.xml:147:13-53
	android:icon
		ADDED from src\main\AndroidManifest.xml:146:13-55
	android:name
		ADDED from src\main\AndroidManifest.xml:145:13-44
intent-filter#action:name:android.intent.action.CREATE_LIVE_FOLDER+category:name:android.intent.category.DEFAULT
ADDED from src\main\AndroidManifest.xml:148:13-152:29
action#android.intent.action.CREATE_LIVE_FOLDER
ADDED from src\main\AndroidManifest.xml:149:17-83
	android:name
		ADDED from src\main\AndroidManifest.xml:149:25-80
activity#com.scrat.app.selectorlibrary.activity.ImageSelectorActivity
ADDED from [com.github.huzhenjie:ImageSelector:1.0.3] AndroidManifest.xml:12:9-15:66
	android:screenOrientation
		ADDED from [com.github.huzhenjie:ImageSelector:1.0.3] AndroidManifest.xml:14:13-49
	android:theme
		ADDED from [com.github.huzhenjie:ImageSelector:1.0.3] AndroidManifest.xml:15:13-63
	android:name
		ADDED from [com.github.huzhenjie:ImageSelector:1.0.3] AndroidManifest.xml:13:13-88
activity#com.scrat.app.selectorlibrary.activity.ImagePreviewActivity
ADDED from [com.github.huzhenjie:ImageSelector:1.0.3] AndroidManifest.xml:16:9-19:66
	android:screenOrientation
		ADDED from [com.github.huzhenjie:ImageSelector:1.0.3] AndroidManifest.xml:18:13-49
	android:theme
		ADDED from [com.github.huzhenjie:ImageSelector:1.0.3] AndroidManifest.xml:19:13-63
	android:name
		ADDED from [com.github.huzhenjie:ImageSelector:1.0.3] AndroidManifest.xml:17:13-87